<?xml version="1.0" encoding="UTF-8"?>
<!-- Generated by org.testng.reporters.JUnitReportReporter -->
<testsuite hostname="LAPTOP-C74ODNLO" failures="0" tests="1" name="testNG.Parameterization" time="0.012" errors="0" timestamp="2021-11-07T14:44:40 IST" skipped="0">
  <testcase classname="testNG.Parameterization" name="Para" time="0.012"/>
  <system-out/>
</testsuite> <!-- testNG.Parameterization -->
