<?xml version="1.0" encoding="UTF-8"?>
<!-- Generated by org.testng.reporters.JUnitReportReporter -->
<testsuite hostname="LAPTOP-C74ODNLO" failures="0" tests="3" name="testNG.SampleTestCase" time="0.016" errors="0" timestamp="2021-12-08T21:28:36 IST" skipped="0">
  <testcase classname="testNG.SampleTestCase" name="sampleTest1" time="0.013"/>
  <system-out/>
  <testcase classname="testNG.SampleTestCase" name="sampleTest2" time="0.001"/>
  <system-out/>
  <testcase classname="testNG.SampleTestCase" name="sampleTest3" time="0.002"/>
  <system-out/>
</testsuite> <!-- testNG.SampleTestCase -->
