<?xml version="1.0" encoding="UTF-8"?>
<!-- Generated by org.testng.reporters.JUnitReportReporter -->
<testsuite hostname="LAPTOP-C74ODNLO" failures="0" tests="3" name="testNG.BeforeSu" time="3.514" errors="0" timestamp="2021-11-07T12:50:54 IST" skipped="0">
  <testcase classname="testNG.BeforeSu" name="Facebook" time="1.137"/>
  <system-out/>
  <testcase classname="testNG.BeforeSu" name="yahoo" time="0.749"/>
  <system-out/>
  <testcase classname="testNG.BeforeSu" name="Google" time="1.628"/>
  <system-out/>
</testsuite> <!-- testNG.BeforeSu -->
