<?xml version="1.0" encoding="UTF-8"?>
<!-- Generated by org.testng.reporters.JUnitReportReporter -->
<testsuite hostname="LAPTOP-C74ODNLO" failures="0" tests="2" name="testNG.Parallel" time="9.282" errors="0" timestamp="2021-11-07T18:13:50 IST" skipped="0">
  <testcase classname="testNG.Parallel" name="OpenGoogle" time="5.004"/>
  <system-out/>
  <testcase classname="testNG.Parallel" name="OpenYahoo" time="4.278"/>
  <system-out/>
</testsuite> <!-- testNG.Parallel -->
