<?xml version="1.0" encoding="UTF-8"?>
<!-- Generated by org.testng.reporters.JUnitReportReporter -->
<testsuite hostname="LAPTOP-C74ODNLO" failures="0" tests="4" name="com.dataDriven.DataProviderTest" time="31.682" errors="0" timestamp="2021-11-14T14:14:49 IST" skipped="0">
  <testcase classname="com.dataDriven.DataProviderTest" name="loginTest" time="6.894"/>
  <system-out/>
  <testcase classname="com.dataDriven.DataProviderTest" name="loginTest" time="9.401"/>
  <system-out/>
  <testcase classname="com.dataDriven.DataProviderTest" name="loginTest" time="7.482"/>
  <system-out/>
  <testcase classname="com.dataDriven.DataProviderTest" name="loginTest" time="7.905"/>
  <system-out/>
</testsuite> <!-- com.dataDriven.DataProviderTest -->
