<?xml version="1.0" encoding="UTF-8"?>
<!-- Generated by org.testng.reporters.JUnitReportReporter -->
<testsuite hostname="LAPTOP-C74ODNLO" failures="0" tests="8" name="testNG.GroupingExample" time="0.021" errors="0" timestamp="2021-11-12T19:09:18 IST" skipped="0">
  <testcase classname="testNG.GroupingExample" name="Moto1" time="0.002"/>
  <system-out/>
  <testcase classname="testNG.GroupingExample" name="Apple2" time="0.001"/>
  <system-out/>
  <testcase classname="testNG.GroupingExample" name="Vivo1" time="0.001"/>
  <system-out/>
  <testcase classname="testNG.GroupingExample" name="Lenovo1" time="0.001"/>
  <system-out/>
  <testcase classname="testNG.GroupingExample" name="Moto2" time="0.001"/>
  <system-out/>
  <testcase classname="testNG.GroupingExample" name="Apple1" time="0.012"/>
  <system-out/>
  <testcase classname="testNG.GroupingExample" name="Lenovo2" time="0.002"/>
  <system-out/>
  <testcase classname="testNG.GroupingExample" name="Vivo2" time="0.001"/>
  <system-out/>
</testsuite> <!-- testNG.GroupingExample -->
