<?xml version="1.0" encoding="UTF-8"?>
<!-- Generated by org.testng.reporters.JUnitReportReporter -->
<testsuite hostname="LAPTOP-C74ODNLO" failures="0" tests="3" name="testNG.DependsOn" time="0.016" errors="0" timestamp="2021-11-07T12:50:54 IST" skipped="0">
  <testcase classname="testNG.DependsOn" name="sampleTest3" time="0.003"/>
  <system-out/>
  <testcase classname="testNG.DependsOn" name="sampleTest2" time="0.004"/>
  <system-out/>
  <testcase classname="testNG.DependsOn" name="sampleTest1" time="0.009"/>
  <system-out/>
</testsuite> <!-- testNG.DependsOn -->
