<?xml version="1.0" encoding="UTF-8"?>
<!-- Generated by org.testng.reporters.JUnitReportReporter -->
<testsuite hostname="LAPTOP-C74ODNLO" failures="0" tests="5" name="seleniumInterviewQuestions.test" time="0.017" errors="0" timestamp="2021-12-08T21:30:45 IST" skipped="0">
  <testcase classname="seleniumInterviewQuestions.test" name="sampleTest4" time="0.011"/>
  <system-out/>
  <testcase classname="seleniumInterviewQuestions.test" name="sampleTest1" time="0.001"/>
  <system-out/>
  <testcase classname="seleniumInterviewQuestions.test" name="sampleTest5" time="0.001"/>
  <system-out/>
  <testcase classname="seleniumInterviewQuestions.test" name="sampleTest2" time="0.002"/>
  <system-out/>
  <testcase classname="seleniumInterviewQuestions.test" name="sampleTest3" time="0.002"/>
  <system-out/>
</testsuite> <!-- seleniumInterviewQuestions.test -->
